<?xml version="1.0" encoding="UTF-8"?>
<!-- Generated by org.testng.reporters.JUnitReportReporter -->
<testsuite hostname="DESKTOP-5EVK54D" failures="0" tests="3" name="parallel.AmazonRunner" time="36.985" errors="0" timestamp="2023-01-21T19:57:52 IST" skipped="0">
  <testcase classname="parallel.AmazonRunner" name="runScenario" time="9.201"/>
  <system-out/>
  <testcase classname="parallel.AmazonRunner" name="runScenario" time="15.037"/>
  <system-out/>
  <testcase classname="parallel.AmazonRunner" name="runScenario" time="12.747"/>
  <system-out/>
</testsuite> <!-- parallel.AmazonRunner -->
